# JRE version: OpenJDK Runtime Environment (21.0.10) (build 21.0.10+-14961533-b1163.108)
# Java VM: OpenJDK 64-Bit Server VM (21.0.10+-14961533-b1163.108, mixed mode, tiered, compressed oops, compressed class ptrs, g1 gc, windows-amd64)
GC Precious Log:
 CardTable entry size: 512
 Card Set container configuration: InlinePtr #cards 5 size 8 Array Of Cards #cards 12 size 40 Howl #buckets 4 coarsen threshold 1843 Howl Bitmap #cards 512 size 80 coarsen threshold 460 Card regions per heap region 1 cards per card region 2048
 CPUs: 8 total, 8 available
 Memory: 8035M
 Large Page Support: Disabled
 NUMA Support: Disabled
 Compressed Oops: Enabled (32-bit)
 Heap Region Size: 1M
 Heap Min Capacity: 8M
 Heap Initial Capacity: 126M
 Heap Max Capacity: 2G
 Pre-touch: Disabled
 Parallel Workers: 8
 Concurrent Workers: 2
 Concurrent Refinement Workers: 8
 Periodic GC: Disabled
Heap:
 garbage-first heap   total 448512K, used 301568K [0x0000000080000000, 0x0000000100000000)
  region size 1024K, 6 young (6144K), 6 survivors (6144K)
 Metaspace       used 144500K, committed 147008K, reserved 1179648K
  class space    used 20276K, committed 21504K, reserved 1048576K
GC Heap History (20 events):
Event: 39.881 GC heap after
{Heap after GC invocations=59 (full 0):
 garbage-first heap   total 296960K, used 138639K [0x0000000080000000, 0x0000000100000000)
  region size 1024K, 12 young (12288K), 12 survivors (12288K)
 Metaspace       used 128516K, committed 130944K, reserved 1179648K
  class space    used 17953K, committed 19136K, reserved 1048576K
}
Event: 40.185 GC heap before
{Heap before GC invocations=59 (full 0):
 garbage-first heap   total 296960K, used 279951K [0x0000000080000000, 0x0000000100000000)
  region size 1024K, 151 young (154624K), 12 survivors (12288K)
 Metaspace       used 128517K, committed 130944K, reserved 1179648K
  class space    used 17953K, committed 19136K, reserved 1048576K
}
Event: 40.198 GC heap after
{Heap after GC invocations=60 (full 0):
 garbage-first heap   total 296960K, used 139113K [0x0000000080000000, 0x0000000100000000)
  region size 1024K, 11 young (11264K), 11 survivors (11264K)
 Metaspace       used 128517K, committed 130944K, reserved 1179648K
  class space    used 17953K, committed 19136K, reserved 1048576K
}
Event: 40.527 GC heap before
{Heap before GC invocations=60 (full 0):
 garbage-first heap   total 296960K, used 280425K [0x0000000080000000, 0x0000000100000000)
  region size 1024K, 149 young (152576K), 11 survivors (11264K)
 Metaspace       used 128518K, committed 130944K, reserved 1179648K
  class space    used 17953K, committed 19136K, reserved 1048576K
}
Event: 40.541 GC heap after
{Heap after GC invocations=61 (full 0):
 garbage-first heap   total 296960K, used 139652K [0x0000000080000000, 0x0000000100000000)
  region size 1024K, 11 young (11264K), 11 survivors (11264K)
 Metaspace       used 128518K, committed 130944K, reserved 1179648K
  class space    used 17953K, committed 19136K, reserved 1048576K
}
Event: 40.847 GC heap before
{Heap before GC invocations=62 (full 0):
 garbage-first heap   total 296960K, used 280964K [0x0000000080000000, 0x0000000100000000)
  region size 1024K, 149 young (152576K), 11 survivors (11264K)
 Metaspace       used 128520K, committed 130944K, reserved 1179648K
  class space    used 17953K, committed 19136K, reserved 1048576K
}
Event: 40.860 GC heap after
{Heap after GC invocations=63 (full 0):
 garbage-first heap   total 296960K, used 140825K [0x0000000080000000, 0x0000000100000000)
  region size 1024K, 10 young (10240K), 10 survivors (10240K)
 Metaspace       used 128520K, committed 130944K, reserved 1179648K
  class space    used 17953K, committed 19136K, reserved 1048576K
}
Event: 41.356 GC heap before
{Heap before GC invocations=63 (full 0):
 garbage-first heap   total 296960K, used 280089K [0x0000000080000000, 0x0000000100000000)
  region size 1024K, 147 young (150528K), 10 survivors (10240K)
 Metaspace       used 128904K, committed 131328K, reserved 1179648K
  class space    used 18016K, committed 19200K, reserved 1048576K
}
Event: 41.375 GC heap after
{Heap after GC invocations=64 (full 0):
 garbage-first heap   total 407552K, used 141398K [0x0000000080000000, 0x0000000100000000)
  region size 1024K, 12 young (12288K), 12 survivors (12288K)
 Metaspace       used 128904K, committed 131328K, reserved 1179648K
  class space    used 18016K, committed 19200K, reserved 1048576K
}
Event: 43.228 GC heap before
{Heap before GC invocations=64 (full 0):
 garbage-first heap   total 407552K, used 371798K [0x0000000080000000, 0x0000000100000000)
  region size 1024K, 238 young (243712K), 12 survivors (12288K)
 Metaspace       used 131309K, committed 133760K, reserved 1179648K
  class space    used 18353K, committed 19520K, reserved 1048576K
}
Event: 43.250 GC heap after
{Heap after GC invocations=65 (full 0):
 garbage-first heap   total 408576K, used 164657K [0x0000000080000000, 0x0000000100000000)
  region size 1024K, 30 young (30720K), 30 survivors (30720K)
 Metaspace       used 131309K, committed 133760K, reserved 1179648K
  class space    used 18353K, committed 19520K, reserved 1048576K
}
Event: 45.459 GC heap before
{Heap before GC invocations=65 (full 0):
 garbage-first heap   total 408576K, used 363313K [0x0000000080000000, 0x0000000100000000)
  region size 1024K, 225 young (230400K), 30 survivors (30720K)
 Metaspace       used 134845K, committed 137216K, reserved 1179648K
  class space    used 18849K, committed 19968K, reserved 1048576K
}
Event: 45.538 GC heap after
{Heap after GC invocations=66 (full 0):
 garbage-first heap   total 430080K, used 199680K [0x0000000080000000, 0x0000000100000000)
  region size 1024K, 29 young (29696K), 29 survivors (29696K)
 Metaspace       used 134845K, committed 137216K, reserved 1179648K
  class space    used 18849K, committed 19968K, reserved 1048576K
}
Event: 47.682 GC heap before
{Heap before GC invocations=66 (full 0):
 garbage-first heap   total 430080K, used 376832K [0x0000000080000000, 0x0000000100000000)
  region size 1024K, 203 young (207872K), 29 survivors (29696K)
 Metaspace       used 138469K, committed 140864K, reserved 1179648K
  class space    used 19342K, committed 20480K, reserved 1048576K
}
Event: 47.778 GC heap after
{Heap after GC invocations=67 (full 0):
 garbage-first heap   total 443392K, used 235520K [0x0000000080000000, 0x0000000100000000)
  region size 1024K, 26 young (26624K), 26 survivors (26624K)
 Metaspace       used 138469K, committed 140864K, reserved 1179648K
  class space    used 19342K, committed 20480K, reserved 1048576K
}
Event: 49.002 GC heap before
{Heap before GC invocations=68 (full 0):
 garbage-first heap   total 443392K, used 386048K [0x0000000080000000, 0x0000000100000000)
  region size 1024K, 173 young (177152K), 26 survivors (26624K)
 Metaspace       used 139195K, committed 141568K, reserved 1179648K
  class space    used 19477K, committed 20608K, reserved 1048576K
}
Event: 49.090 GC heap after
{Heap after GC invocations=69 (full 0):
 garbage-first heap   total 448512K, used 270848K [0x0000000080000000, 0x0000000100000000)
  region size 1024K, 22 young (22528K), 22 survivors (22528K)
 Metaspace       used 139195K, committed 141568K, reserved 1179648K
  class space    used 19477K, committed 20608K, reserved 1048576K
}
Event: 49.739 GC heap before
{Heap before GC invocations=69 (full 0):
 garbage-first heap   total 448512K, used 391680K [0x0000000080000000, 0x0000000100000000)
  region size 1024K, 141 young (144384K), 22 survivors (22528K)
 Metaspace       used 140069K, committed 142528K, reserved 1179648K
  class space    used 19616K, committed 20800K, reserved 1048576K
}
Event: 49.797 GC heap after
{Heap after GC invocations=70 (full 0):
 garbage-first heap   total 448512K, used 294400K [0x0000000080000000, 0x0000000100000000)
  region size 1024K, 18 young (18432K), 18 survivors (18432K)
 Metaspace       used 140069K, committed 142528K, reserved 1179648K
  class space    used 19616K, committed 20800K, reserved 1048576K
}
Event: 51.326 GC heap before
{Heap before GC invocations=70 (full 0):
 garbage-first heap   total 448512K, used 397824K [0x0000000080000000, 0x0000000100000000)
  region size 1024K, 120 young (122880K), 18 survivors (18432K)
 Metaspace       used 144500K, committed 147008K, reserved 1179648K
  class space    used 20276K, committed 21504K, reserved 1048576K
}

