# JRE version: OpenJDK Runtime Environment (21.0.10) (build 21.0.10+-14961533-b1163.108)
# Java VM: OpenJDK 64-Bit Server VM (21.0.10+-14961533-b1163.108, mixed mode, tiered, compressed oops, compressed class ptrs, g1 gc, windows-amd64)
GC Precious Log:
 CardTable entry size: 512
 Card Set container configuration: InlinePtr #cards 5 size 8 Array Of Cards #cards 12 size 40 Howl #buckets 4 coarsen threshold 1843 Howl Bitmap #cards 512 size 80 coarsen threshold 460 Card regions per heap region 1 cards per card region 2048
 CPUs: 8 total, 8 available
 Memory: 8035M
 Large Page Support: Disabled
 NUMA Support: Disabled
 Compressed Oops: Enabled (32-bit)
 Heap Region Size: 1M
 Heap Min Capacity: 8M
 Heap Initial Capacity: 126M
 Heap Max Capacity: 2G
 Pre-touch: Disabled
 Parallel Workers: 8
 Concurrent Workers: 2
 Concurrent Refinement Workers: 8
 Periodic GC: Disabled
Heap:
 garbage-first heap   total 117760K, used 106201K [0x0000000080000000, 0x0000000100000000)
  region size 1024K, 37 young (37888K), 1 survivors (1024K)
 Metaspace       used 62866K, committed 64704K, reserved 1114112K
  class space    used 8960K, committed 9856K, reserved 1048576K
GC Heap History (20 events):
Event: 4.378 GC heap before
{Heap before GC invocations=6 (full 0):
 garbage-first heap   total 75776K, used 74136K [0x0000000080000000, 0x0000000100000000)
  region size 1024K, 52 young (53248K), 2 survivors (2048K)
 Metaspace       used 30154K, committed 30656K, reserved 1114112K
  class space    used 3752K, committed 3968K, reserved 1048576K
}
Event: 4.383 GC heap after
{Heap after GC invocations=7 (full 0):
 garbage-first heap   total 79872K, used 23781K [0x0000000080000000, 0x0000000100000000)
  region size 1024K, 4 young (4096K), 4 survivors (4096K)
 Metaspace       used 30154K, committed 30656K, reserved 1114112K
  class space    used 3752K, committed 3968K, reserved 1048576K
}
Event: 5.264 GC heap before
{Heap before GC invocations=7 (full 0):
 garbage-first heap   total 79872K, used 60645K [0x0000000080000000, 0x0000000100000000)
  region size 1024K, 41 young (41984K), 4 survivors (4096K)
 Metaspace       used 35286K, committed 35968K, reserved 1114112K
  class space    used 4625K, committed 4992K, reserved 1048576K
}
Event: 5.270 GC heap after
{Heap after GC invocations=8 (full 0):
 garbage-first heap   total 79872K, used 26034K [0x0000000080000000, 0x0000000100000000)
  region size 1024K, 5 young (5120K), 5 survivors (5120K)
 Metaspace       used 35286K, committed 35968K, reserved 1114112K
  class space    used 4625K, committed 4992K, reserved 1048576K
}
Event: 5.302 GC heap before
{Heap before GC invocations=8 (full 0):
 garbage-first heap   total 79872K, used 28082K [0x0000000080000000, 0x0000000100000000)
  region size 1024K, 8 young (8192K), 5 survivors (5120K)
 Metaspace       used 35585K, committed 36288K, reserved 1114112K
  class space    used 4664K, committed 4992K, reserved 1048576K
}
Event: 5.306 GC heap after
{Heap after GC invocations=9 (full 0):
 garbage-first heap   total 79872K, used 26442K [0x0000000080000000, 0x0000000100000000)
  region size 1024K, 3 young (3072K), 3 survivors (3072K)
 Metaspace       used 35585K, committed 36288K, reserved 1114112K
  class space    used 4664K, committed 4992K, reserved 1048576K
}
Event: 6.100 GC heap before
{Heap before GC invocations=10 (full 0):
 garbage-first heap   total 81920K, used 79690K [0x0000000080000000, 0x0000000100000000)
  region size 1024K, 39 young (39936K), 3 survivors (3072K)
 Metaspace       used 39513K, committed 40448K, reserved 1114112K
  class space    used 5378K, committed 5824K, reserved 1048576K
}
Event: 6.106 GC heap after
{Heap after GC invocations=11 (full 0):
 garbage-first heap   total 109568K, used 50290K [0x0000000080000000, 0x0000000100000000)
  region size 1024K, 6 young (6144K), 6 survivors (6144K)
 Metaspace       used 39513K, committed 40448K, reserved 1114112K
  class space    used 5378K, committed 5824K, reserved 1048576K
}
Event: 6.601 GC heap before
{Heap before GC invocations=11 (full 0):
 garbage-first heap   total 109568K, used 92274K [0x0000000080000000, 0x0000000100000000)
  region size 1024K, 47 young (48128K), 6 survivors (6144K)
 Metaspace       used 44334K, committed 45504K, reserved 1114112K
  class space    used 6165K, committed 6720K, reserved 1048576K
}
Event: 6.606 GC heap after
{Heap after GC invocations=12 (full 0):
 garbage-first heap   total 109568K, used 55391K [0x0000000080000000, 0x0000000100000000)
  region size 1024K, 5 young (5120K), 5 survivors (5120K)
 Metaspace       used 44334K, committed 45504K, reserved 1114112K
  class space    used 6165K, committed 6720K, reserved 1048576K
}
Event: 7.233 GC heap before
{Heap before GC invocations=12 (full 0):
 garbage-first heap   total 109568K, used 93279K [0x0000000080000000, 0x0000000100000000)
  region size 1024K, 43 young (44032K), 5 survivors (5120K)
 Metaspace       used 50201K, committed 51520K, reserved 1114112K
  class space    used 6944K, committed 7616K, reserved 1048576K
}
Event: 7.239 GC heap after
{Heap after GC invocations=13 (full 0):
 garbage-first heap   total 109568K, used 58903K [0x0000000080000000, 0x0000000100000000)
  region size 1024K, 4 young (4096K), 4 survivors (4096K)
 Metaspace       used 50201K, committed 51520K, reserved 1114112K
  class space    used 6944K, committed 7616K, reserved 1048576K
}
Event: 7.816 GC heap before
{Heap before GC invocations=14 (full 0):
 garbage-first heap   total 109568K, used 96791K [0x0000000080000000, 0x0000000100000000)
  region size 1024K, 41 young (41984K), 4 survivors (4096K)
 Metaspace       used 54709K, committed 56256K, reserved 1114112K
  class space    used 7700K, committed 8448K, reserved 1048576K
}
Event: 7.822 GC heap after
{Heap after GC invocations=15 (full 0):
 garbage-first heap   total 109568K, used 61983K [0x0000000080000000, 0x0000000100000000)
  region size 1024K, 3 young (3072K), 3 survivors (3072K)
 Metaspace       used 54709K, committed 56256K, reserved 1114112K
  class space    used 7700K, committed 8448K, reserved 1048576K
}
Event: 8.413 GC heap before
{Heap before GC invocations=15 (full 0):
 garbage-first heap   total 109568K, used 98847K [0x0000000080000000, 0x0000000100000000)
  region size 1024K, 38 young (38912K), 3 survivors (3072K)
 Metaspace       used 57024K, committed 58624K, reserved 1114112K
  class space    used 8088K, committed 8832K, reserved 1048576K
}
Event: 8.420 GC heap after
{Heap after GC invocations=16 (full 0):
 garbage-first heap   total 109568K, used 66582K [0x0000000080000000, 0x0000000100000000)
  region size 1024K, 4 young (4096K), 4 survivors (4096K)
 Metaspace       used 57024K, committed 58624K, reserved 1114112K
  class space    used 8088K, committed 8832K, reserved 1048576K
}
Event: 8.798 GC heap before
{Heap before GC invocations=16 (full 0):
 garbage-first heap   total 109568K, used 97302K [0x0000000080000000, 0x0000000100000000)
  region size 1024K, 35 young (35840K), 4 survivors (4096K)
 Metaspace       used 58718K, committed 60416K, reserved 1114112K
  class space    used 8314K, committed 9088K, reserved 1048576K
}
Event: 8.803 GC heap after
{Heap after GC invocations=17 (full 0):
 garbage-first heap   total 109568K, used 69734K [0x0000000080000000, 0x0000000100000000)
  region size 1024K, 4 young (4096K), 4 survivors (4096K)
 Metaspace       used 58718K, committed 60416K, reserved 1114112K
  class space    used 8314K, committed 9088K, reserved 1048576K
}
Event: 8.939 GC heap before
{Heap before GC invocations=18 (full 0):
 garbage-first heap   total 117760K, used 98406K [0x0000000080000000, 0x0000000100000000)
  region size 1024K, 32 young (32768K), 4 survivors (4096K)
 Metaspace       used 58923K, committed 60608K, reserved 1114112K
  class space    used 8355K, committed 9152K, reserved 1048576K
}
Event: 8.942 GC heap after
{Heap after GC invocations=19 (full 0):
 garbage-first heap   total 117760K, used 70361K [0x0000000080000000, 0x0000000100000000)
  region size 1024K, 1 young (1024K), 1 survivors (1024K)
 Metaspace       used 58923K, committed 60608K, reserved 1114112K
  class space    used 8355K, committed 9152K, reserved 1048576K
}

