# JRE version: OpenJDK Runtime Environment (21.0.10) (build 21.0.10+-14961533-b1163.108)
# Java VM: OpenJDK 64-Bit Server VM (21.0.10+-14961533-b1163.108, mixed mode, tiered, compressed oops, compressed class ptrs, g1 gc, windows-amd64)
GC Precious Log:
 CardTable entry size: 512
 Card Set container configuration: InlinePtr #cards 5 size 8 Array Of Cards #cards 12 size 40 Howl #buckets 4 coarsen threshold 1843 Howl Bitmap #cards 512 size 80 coarsen threshold 460 Card regions per heap region 1 cards per card region 2048
 CPUs: 8 total, 8 available
 Memory: 8035M
 Large Page Support: Disabled
 NUMA Support: Disabled
 Compressed Oops: Enabled (32-bit)
 Heap Region Size: 1M
 Heap Min Capacity: 8M
 Heap Initial Capacity: 126M
 Heap Max Capacity: 2G
 Pre-touch: Disabled
 Parallel Workers: 8
 Concurrent Workers: 2
 Concurrent Refinement Workers: 8
 Periodic GC: Disabled
Heap:
 garbage-first heap   total 402432K, used 200910K [0x0000000080000000, 0x0000000100000000)
  region size 1024K, 11 young (11264K), 9 survivors (9216K)
 Metaspace       used 201966K, committed 204608K, reserved 1245184K
  class space    used 26377K, committed 27648K, reserved 1048576K
GC Heap History (20 events):
Event: 31.853 GC heap before
{Heap before GC invocations=52 (full 0):
 garbage-first heap   total 312320K, used 284320K [0x0000000080000000, 0x0000000100000000)
  region size 1024K, 100 young (102400K), 12 survivors (12288K)
 Metaspace       used 167312K, committed 169600K, reserved 1245184K
  class space    used 21993K, committed 23104K, reserved 1048576K
}
Event: 31.865 GC heap after
{Heap after GC invocations=53 (full 0):
 garbage-first heap   total 312320K, used 197074K [0x0000000080000000, 0x0000000100000000)
  region size 1024K, 11 young (11264K), 11 survivors (11264K)
 Metaspace       used 167312K, committed 169600K, reserved 1245184K
  class space    used 21993K, committed 23104K, reserved 1048576K
}
Event: 32.993 GC heap before
{Heap before GC invocations=53 (full 0):
 garbage-first heap   total 312320K, used 284114K [0x0000000080000000, 0x0000000100000000)
  region size 1024K, 95 young (97280K), 11 survivors (11264K)
 Metaspace       used 168426K, committed 170752K, reserved 1245184K
  class space    used 22081K, committed 23168K, reserved 1048576K
}
Event: 33.011 GC heap after
{Heap after GC invocations=54 (full 0):
 garbage-first heap   total 312320K, used 198080K [0x0000000080000000, 0x0000000100000000)
  region size 1024K, 12 young (12288K), 12 survivors (12288K)
 Metaspace       used 168426K, committed 170752K, reserved 1245184K
  class space    used 22081K, committed 23168K, reserved 1048576K
}
Event: 33.100 GC heap before
{Heap before GC invocations=54 (full 0):
 garbage-first heap   total 312320K, used 245184K [0x0000000080000000, 0x0000000100000000)
  region size 1024K, 59 young (60416K), 12 survivors (12288K)
 Metaspace       used 168438K, committed 170752K, reserved 1245184K
  class space    used 22081K, committed 23168K, reserved 1048576K
}
Event: 33.121 GC heap after
{Heap after GC invocations=55 (full 0):
 garbage-first heap   total 312320K, used 220437K [0x0000000080000000, 0x0000000100000000)
  region size 1024K, 12 young (12288K), 12 survivors (12288K)
 Metaspace       used 168438K, committed 170752K, reserved 1245184K
  class space    used 22081K, committed 23168K, reserved 1048576K
}
Event: 33.853 GC heap before
{Heap before GC invocations=56 (full 0):
 garbage-first heap   total 334848K, used 253205K [0x0000000080000000, 0x0000000100000000)
  region size 1024K, 64 young (65536K), 12 survivors (12288K)
 Metaspace       used 168783K, committed 171136K, reserved 1245184K
  class space    used 22093K, committed 23232K, reserved 1048576K
}
Event: 33.872 GC heap after
{Heap after GC invocations=57 (full 0):
 garbage-first heap   total 334848K, used 213945K [0x0000000080000000, 0x0000000100000000)
  region size 1024K, 8 young (8192K), 8 survivors (8192K)
 Metaspace       used 168783K, committed 171136K, reserved 1245184K
  class space    used 22093K, committed 23232K, reserved 1048576K
}
Event: 35.454 GC heap before
{Heap before GC invocations=57 (full 0):
 garbage-first heap   total 334848K, used 288697K [0x0000000080000000, 0x0000000100000000)
  region size 1024K, 80 young (81920K), 8 survivors (8192K)
 Metaspace       used 170634K, committed 172928K, reserved 1245184K
  class space    used 22190K, committed 23296K, reserved 1048576K
}
Event: 35.477 GC heap after
{Heap after GC invocations=58 (full 0):
 garbage-first heap   total 402432K, used 216470K [0x0000000080000000, 0x0000000100000000)
  region size 1024K, 10 young (10240K), 10 survivors (10240K)
 Metaspace       used 170634K, committed 172928K, reserved 1245184K
  class space    used 22190K, committed 23296K, reserved 1048576K
}
Event: 37.773 GC heap before
{Heap before GC invocations=58 (full 0):
 garbage-first heap   total 402432K, used 329110K [0x0000000080000000, 0x0000000100000000)
  region size 1024K, 120 young (122880K), 10 survivors (10240K)
 Metaspace       used 179185K, committed 181568K, reserved 1245184K
  class space    used 23318K, committed 24448K, reserved 1048576K
}
Event: 37.786 GC heap after
{Heap after GC invocations=59 (full 0):
 garbage-first heap   total 402432K, used 224436K [0x0000000080000000, 0x0000000100000000)
  region size 1024K, 6 young (6144K), 6 survivors (6144K)
 Metaspace       used 179185K, committed 181568K, reserved 1245184K
  class space    used 23318K, committed 24448K, reserved 1048576K
}
Event: 39.560 GC heap before
{Heap before GC invocations=60 (full 0):
 garbage-first heap   total 402432K, used 346292K [0x0000000080000000, 0x0000000100000000)
  region size 1024K, 119 young (121856K), 6 survivors (6144K)
 Metaspace       used 188208K, committed 190656K, reserved 1245184K
  class space    used 24550K, committed 25728K, reserved 1048576K
}
Event: 39.573 GC heap after
{Heap after GC invocations=61 (full 0):
 garbage-first heap   total 402432K, used 233354K [0x0000000080000000, 0x0000000100000000)
  region size 1024K, 13 young (13312K), 13 survivors (13312K)
 Metaspace       used 188208K, committed 190656K, reserved 1245184K
  class space    used 24550K, committed 25728K, reserved 1048576K
}
Event: 42.694 GC heap before
{Heap before GC invocations=61 (full 0):
 garbage-first heap   total 402432K, used 347018K [0x0000000080000000, 0x0000000100000000)
  region size 1024K, 125 young (128000K), 13 survivors (13312K)
 Metaspace       used 191504K, committed 194048K, reserved 1245184K
  class space    used 25017K, committed 26240K, reserved 1048576K
}
Event: 42.716 GC heap after
{Heap after GC invocations=62 (full 0):
 garbage-first heap   total 402432K, used 236849K [0x0000000080000000, 0x0000000100000000)
  region size 1024K, 16 young (16384K), 16 survivors (16384K)
 Metaspace       used 191504K, committed 194048K, reserved 1245184K
  class space    used 25017K, committed 26240K, reserved 1048576K
}
Event: 43.938 GC heap before
{Heap before GC invocations=62 (full 0):
 garbage-first heap   total 402432K, used 287025K [0x0000000080000000, 0x0000000100000000)
  region size 1024K, 66 young (67584K), 16 survivors (16384K)
 Metaspace       used 191715K, committed 194240K, reserved 1245184K
  class space    used 25028K, committed 26240K, reserved 1048576K
}
Event: 43.956 GC heap after
{Heap after GC invocations=63 (full 0):
 garbage-first heap   total 402432K, used 240750K [0x0000000080000000, 0x0000000100000000)
  region size 1024K, 12 young (12288K), 12 survivors (12288K)
 Metaspace       used 191715K, committed 194240K, reserved 1245184K
  class space    used 25028K, committed 26240K, reserved 1048576K
}
Event: 46.455 GC heap before
{Heap before GC invocations=64 (full 0):
 garbage-first heap   total 402432K, used 320622K [0x0000000080000000, 0x0000000100000000)
  region size 1024K, 125 young (128000K), 12 survivors (12288K)
 Metaspace       used 201883K, committed 204480K, reserved 1245184K
  class space    used 26364K, committed 27584K, reserved 1048576K
}
Event: 46.471 GC heap after
{Heap after GC invocations=65 (full 0):
 garbage-first heap   total 402432K, used 199886K [0x0000000080000000, 0x0000000100000000)
  region size 1024K, 9 young (9216K), 9 survivors (9216K)
 Metaspace       used 201883K, committed 204480K, reserved 1245184K
  class space    used 26364K, committed 27584K, reserved 1048576K
}

