# JRE version: OpenJDK Runtime Environment (21.0.10) (build 21.0.10+-14961533-b1163.108)
# Java VM: OpenJDK 64-Bit Server VM (21.0.10+-14961533-b1163.108, mixed mode, tiered, compressed oops, compressed class ptrs, g1 gc, windows-amd64)
GC Precious Log:
 CardTable entry size: 512
 Card Set container configuration: InlinePtr #cards 5 size 8 Array Of Cards #cards 12 size 40 Howl #buckets 4 coarsen threshold 1843 Howl Bitmap #cards 512 size 80 coarsen threshold 460 Card regions per heap region 1 cards per card region 2048
 CPUs: 8 total, 8 available
 Memory: 8035M
 Large Page Support: Disabled
 NUMA Support: Disabled
 Compressed Oops: Enabled (32-bit)
 Heap Region Size: 1M
 Heap Min Capacity: 8M
 Heap Initial Capacity: 126M
 Heap Max Capacity: 2G
 Pre-touch: Disabled
 Parallel Workers: 8
 Concurrent Workers: 2
 Concurrent Refinement Workers: 8
 Periodic GC: Disabled
Heap:
 garbage-first heap   total 132096K, used 78816K [0x0000000080000000, 0x0000000100000000)
  region size 1024K, 6 young (6144K), 6 survivors (6144K)
 Metaspace       used 72994K, committed 74880K, reserved 1114112K
  class space    used 10472K, committed 11392K, reserved 1048576K
GC Heap History (20 events):
Event: 3.879 GC heap after
{Heap after GC invocations=9 (full 0):
 garbage-first heap   total 75776K, used 25856K [0x0000000080000000, 0x0000000100000000)
  region size 1024K, 3 young (3072K), 3 survivors (3072K)
 Metaspace       used 35243K, committed 35968K, reserved 1114112K
  class space    used 4620K, committed 4992K, reserved 1048576K
}
Event: 4.622 GC heap before
{Heap before GC invocations=10 (full 0):
 garbage-first heap   total 83968K, used 82176K [0x0000000080000000, 0x0000000100000000)
  region size 1024K, 42 young (43008K), 3 survivors (3072K)
 Metaspace       used 39525K, committed 40448K, reserved 1114112K
  class space    used 5383K, committed 5824K, reserved 1048576K
}
Event: 4.629 GC heap after
{Heap after GC invocations=11 (full 0):
 garbage-first heap   total 112640K, used 50176K [0x0000000080000000, 0x0000000100000000)
  region size 1024K, 6 young (6144K), 6 survivors (6144K)
 Metaspace       used 39525K, committed 40448K, reserved 1114112K
  class space    used 5383K, committed 5824K, reserved 1048576K
}
Event: 5.237 GC heap before
{Heap before GC invocations=11 (full 0):
 garbage-first heap   total 112640K, used 98304K [0x0000000080000000, 0x0000000100000000)
  region size 1024K, 53 young (54272K), 6 survivors (6144K)
 Metaspace       used 44986K, committed 46208K, reserved 1114112K
  class space    used 6288K, committed 6912K, reserved 1048576K
}
Event: 5.243 GC heap after
{Heap after GC invocations=12 (full 0):
 garbage-first heap   total 112640K, used 56506K [0x0000000080000000, 0x0000000100000000)
  region size 1024K, 5 young (5120K), 5 survivors (5120K)
 Metaspace       used 44986K, committed 46208K, reserved 1114112K
  class space    used 6288K, committed 6912K, reserved 1048576K
}
Event: 5.946 GC heap before
{Heap before GC invocations=12 (full 0):
 garbage-first heap   total 112640K, used 99514K [0x0000000080000000, 0x0000000100000000)
  region size 1024K, 48 young (49152K), 5 survivors (5120K)
 Metaspace       used 51658K, committed 53056K, reserved 1114112K
  class space    used 7168K, committed 7872K, reserved 1048576K
}
Event: 5.953 GC heap after
{Heap after GC invocations=13 (full 0):
 garbage-first heap   total 112640K, used 61568K [0x0000000080000000, 0x0000000100000000)
  region size 1024K, 5 young (5120K), 5 survivors (5120K)
 Metaspace       used 51658K, committed 53056K, reserved 1114112K
  class space    used 7168K, committed 7872K, reserved 1048576K
}
Event: 6.594 GC heap before
{Heap before GC invocations=14 (full 0):
 garbage-first heap   total 112640K, used 100480K [0x0000000080000000, 0x0000000100000000)
  region size 1024K, 43 young (44032K), 5 survivors (5120K)
 Metaspace       used 56232K, committed 57792K, reserved 1114112K
  class space    used 7965K, committed 8704K, reserved 1048576K
}
Event: 6.599 GC heap after
{Heap after GC invocations=15 (full 0):
 garbage-first heap   total 112640K, used 63683K [0x0000000080000000, 0x0000000100000000)
  region size 1024K, 3 young (3072K), 3 survivors (3072K)
 Metaspace       used 56232K, committed 57792K, reserved 1114112K
  class space    used 7965K, committed 8704K, reserved 1048576K
}
Event: 7.103 GC heap before
{Heap before GC invocations=15 (full 0):
 garbage-first heap   total 112640K, used 102595K [0x0000000080000000, 0x0000000100000000)
  region size 1024K, 39 young (39936K), 3 survivors (3072K)
 Metaspace       used 57385K, committed 59008K, reserved 1114112K
  class space    used 8133K, committed 8896K, reserved 1048576K
}
Event: 7.108 GC heap after
{Heap after GC invocations=16 (full 0):
 garbage-first heap   total 112640K, used 69994K [0x0000000080000000, 0x0000000100000000)
  region size 1024K, 5 young (5120K), 5 survivors (5120K)
 Metaspace       used 57385K, committed 59008K, reserved 1114112K
  class space    used 8133K, committed 8896K, reserved 1048576K
}
Event: 7.294 GC heap before
{Heap before GC invocations=16 (full 0):
 garbage-first heap   total 112640K, used 101738K [0x0000000080000000, 0x0000000100000000)
  region size 1024K, 36 young (36864K), 5 survivors (5120K)
 Metaspace       used 58685K, committed 60352K, reserved 1114112K
  class space    used 8306K, committed 9088K, reserved 1048576K
}
Event: 7.298 GC heap after
{Heap after GC invocations=17 (full 0):
 garbage-first heap   total 112640K, used 71438K [0x0000000080000000, 0x0000000100000000)
  region size 1024K, 2 young (2048K), 2 survivors (2048K)
 Metaspace       used 58685K, committed 60352K, reserved 1114112K
  class space    used 8306K, committed 9088K, reserved 1048576K
}
Event: 7.619 GC heap before
{Heap before GC invocations=18 (full 0):
 garbage-first heap   total 121856K, used 102158K [0x0000000080000000, 0x0000000100000000)
  region size 1024K, 32 young (32768K), 2 survivors (2048K)
 Metaspace       used 60882K, committed 62656K, reserved 1114112K
  class space    used 8676K, committed 9536K, reserved 1048576K
}
Event: 7.622 GC heap after
{Heap after GC invocations=19 (full 0):
 garbage-first heap   total 121856K, used 72213K [0x0000000080000000, 0x0000000100000000)
  region size 1024K, 2 young (2048K), 2 survivors (2048K)
 Metaspace       used 60882K, committed 62656K, reserved 1114112K
  class space    used 8676K, committed 9536K, reserved 1048576K
}
Event: 8.155 GC heap before
{Heap before GC invocations=19 (full 0):
 garbage-first heap   total 121856K, used 113173K [0x0000000080000000, 0x0000000100000000)
  region size 1024K, 42 young (43008K), 2 survivors (2048K)
 Metaspace       used 65811K, committed 67584K, reserved 1114112K
  class space    used 9370K, committed 10240K, reserved 1048576K
}
Event: 8.160 GC heap after
{Heap after GC invocations=20 (full 0):
 garbage-first heap   total 121856K, used 72894K [0x0000000080000000, 0x0000000100000000)
  region size 1024K, 4 young (4096K), 4 survivors (4096K)
 Metaspace       used 65811K, committed 67584K, reserved 1114112K
  class space    used 9370K, committed 10240K, reserved 1048576K
}
Event: 8.598 GC heap before
{Heap before GC invocations=20 (full 0):
 garbage-first heap   total 121856K, used 112830K [0x0000000080000000, 0x0000000100000000)
  region size 1024K, 43 young (44032K), 4 survivors (4096K)
 Metaspace       used 70687K, committed 72512K, reserved 1114112K
  class space    used 10124K, committed 11008K, reserved 1048576K
}
Event: 8.604 GC heap after
{Heap after GC invocations=21 (full 0):
 garbage-first heap   total 121856K, used 74968K [0x0000000080000000, 0x0000000100000000)
  region size 1024K, 5 young (5120K), 5 survivors (5120K)
 Metaspace       used 70687K, committed 72512K, reserved 1114112K
  class space    used 10124K, committed 11008K, reserved 1048576K
}
Event: 9.303 GC heap before
{Heap before GC invocations=22 (full 0):
 garbage-first heap   total 126976K, used 112856K [0x0000000080000000, 0x0000000100000000)
  region size 1024K, 43 young (44032K), 5 survivors (5120K)
 Metaspace       used 72994K, committed 74880K, reserved 1114112K
  class space    used 10472K, committed 11392K, reserved 1048576K
}

